Determining if the pthread_create exist failed with the following output:
Change Dir: /home/quentin/Projects/roboeye/release/CMakeFiles/CMakeTmp

Run Build Command(s):/usr/bin/ninja cmTC_fa846 
[1/2] Building C object CMakeFiles/cmTC_fa846.dir/CheckSymbolExists.c.o
[2/2] Linking C executable cmTC_fa846
FAILED: cmTC_fa846 
: && /usr/bin/gcc   -rdynamic CMakeFiles/cmTC_fa846.dir/CheckSymbolExists.c.o  -o cmTC_fa846  /usr/lib/libdl.so && :
/usr/bin/ld: CMakeFiles/cmTC_fa846.dir/CheckSymbolExists.c.o: in function `main':
CheckSymbolExists.c:(.text+0x1b): undefined reference to `pthread_create'
collect2: error: ld returned 1 exit status
ninja: build stopped: subcommand failed.

File /home/quentin/Projects/roboeye/release/CMakeFiles/CMakeTmp/CheckSymbolExists.c:
/* */
#include <pthread.h>

int main(int argc, char** argv)
{
  (void)argv;
#ifndef pthread_create
  return ((int*)(&pthread_create))[argc];
#else
  (void)argc;
  return 0;
#endif
}

Determining if the function pthread_create exists in the pthreads failed with the following output:
Change Dir: /home/quentin/Projects/roboeye/release/CMakeFiles/CMakeTmp

Run Build Command(s):/usr/bin/ninja cmTC_53cf2 
[1/2] Building C object CMakeFiles/cmTC_53cf2.dir/CheckFunctionExists.c.o
[2/2] Linking C executable cmTC_53cf2
FAILED: cmTC_53cf2 
: && /usr/bin/gcc -DCHECK_FUNCTION_EXISTS=pthread_create  -rdynamic CMakeFiles/cmTC_53cf2.dir/CheckFunctionExists.c.o  -o cmTC_53cf2  -lpthreads /usr/lib/libdl.so && :
/usr/bin/ld: cannot find -lpthreads
collect2: error: ld returned 1 exit status
ninja: build stopped: subcommand failed.


Performing C SOURCE FILE Test LJ_DUALNUM_1 failed with the following output:
Change Dir: /home/quentin/Projects/roboeye/release/CMakeFiles/CMakeTmp

Run Build Command(s):/usr/bin/ninja cmTC_2da56 
[1/2] Building C object CMakeFiles/cmTC_2da56.dir/src.c.o
FAILED: CMakeFiles/cmTC_2da56.dir/src.c.o 
/usr/bin/gcc -DLUAJIT_CPU_SSE2 -DLUAJIT_ENABLE_GC64 -DLUAJIT_ENABLE_LUA52COMPAT -I/home/quentin/Projects/roboeye/release/external -I/home/quentin/Projects/roboeye/external/cmakescripts -DLJ_DUALNUM_1 -o CMakeFiles/cmTC_2da56.dir/src.c.o   -c src.c
src.c:7:2: error: #error "not defined"
 #error "not defined"
  ^~~~~
ninja: build stopped: subcommand failed.

Source file was:

#undef LJ_DUALNUM
#include "lj_arch.h"
#if LJ_DUALNUM == 1
int main() { return 0; }
#else
#error "not defined"
#endif

Performing C SOURCE FILE Test LJ_ABI_SOFTFP_1 failed with the following output:
Change Dir: /home/quentin/Projects/roboeye/release/CMakeFiles/CMakeTmp

Run Build Command(s):/usr/bin/ninja cmTC_9e976 
[1/2] Building C object CMakeFiles/cmTC_9e976.dir/src.c.o
FAILED: CMakeFiles/cmTC_9e976.dir/src.c.o 
/usr/bin/gcc -DLUAJIT_CPU_SSE2 -DLUAJIT_ENABLE_GC64 -DLUAJIT_ENABLE_LUA52COMPAT -I/home/quentin/Projects/roboeye/release/external -I/home/quentin/Projects/roboeye/external/cmakescripts -DLJ_ABI_SOFTFP_1 -o CMakeFiles/cmTC_9e976.dir/src.c.o   -c src.c
src.c:7:2: error: #error "not defined"
 #error "not defined"
  ^~~~~
ninja: build stopped: subcommand failed.

Source file was:

#undef LJ_ABI_SOFTFP
#include "lj_arch.h"
#if LJ_ABI_SOFTFP == 1
int main() { return 0; }
#else
#error "not defined"
#endif

Performing C SOURCE FILE Test LJ_NO_UNWIND_1 failed with the following output:
Change Dir: /home/quentin/Projects/roboeye/release/CMakeFiles/CMakeTmp

Run Build Command(s):/usr/bin/ninja cmTC_7c154 
[1/2] Building C object CMakeFiles/cmTC_7c154.dir/src.c.o
FAILED: CMakeFiles/cmTC_7c154.dir/src.c.o 
/usr/bin/gcc -DLUAJIT_CPU_SSE2 -DLUAJIT_ENABLE_GC64 -DLUAJIT_ENABLE_LUA52COMPAT -I/home/quentin/Projects/roboeye/release/external -I/home/quentin/Projects/roboeye/external/cmakescripts -DLJ_NO_UNWIND_1 -o CMakeFiles/cmTC_7c154.dir/src.c.o   -c src.c
src.c:7:2: error: #error "not defined"
 #error "not defined"
  ^~~~~
ninja: build stopped: subcommand failed.

Source file was:

#undef LJ_NO_UNWIND
#include "lj_arch.h"
#if LJ_NO_UNWIND == 1
int main() { return 0; }
#else
#error "not defined"
#endif

